app/build/intermediates/manifest_merge_blame_file/debug/manifest-merger-blame-debug-report.txt
1<?xml version="1.0" encoding="utf-8"?>
2<manifest xmlns:android="http://schemas.android.com/apk/res/android"
3    package="com.example.do_an_cs3"
4    android:versionCode="1"
5    android:versionName="1.0" >
6
7    <uses-sdk
8        android:minSdkVersion="27"
9        android:targetSdkVersion="34" />
10
11    <uses-permission android:name="android.permission.READ_EXTERNAL_STORAGE" />
11-->src\main\AndroidManifest.xml:5:5-80
11-->src\main\AndroidManifest.xml:5:22-77
12    <uses-permission android:name="android.permission.WRITE_EXTERNAL_STORAGE" />
12-->src\main\AndroidManifest.xml:6:5-81
12-->src\main\AndroidManifest.xml:6:22-78
13    <uses-permission android:name="android.permission.MANAGE_EXTERNAL_STORAGE" />
13-->src\main\AndroidManifest.xml:7:5-82
13-->src\main\AndroidManifest.xml:7:22-79
14
15    <permission
15-->[androidx.core:core:1.9.0] AndroidManifest.xml:22:5-24:47
16        android:name="com.example.do_an_cs3.DYNAMIC_RECEIVER_NOT_EXPORTED_PERMISSION"
16-->[androidx.core:core:1.9.0] AndroidManifest.xml:23:9-81
17        android:protectionLevel="signature" />
17-->[androidx.core:core:1.9.0] AndroidManifest.xml:24:9-44
18
19    <uses-permission android:name="com.example.do_an_cs3.DYNAMIC_RECEIVER_NOT_EXPORTED_PERMISSION" />
19-->[androidx.core:core:1.9.0] AndroidManifest.xml:26:5-97
19-->[androidx.core:core:1.9.0] AndroidManifest.xml:26:22-94
20
21    <application
21-->src\main\AndroidManifest.xml:9:5-115:19
22        android:name="androidx.multidex.MultiDexApplication"
22-->src\main\AndroidManifest.xml:10:9-61
23        android:allowBackup="true"
23-->src\main\AndroidManifest.xml:11:9-35
24        android:appComponentFactory="androidx.core.app.CoreComponentFactory"
24-->[androidx.core:core:1.9.0] AndroidManifest.xml:28:18-86
25        android:dataExtractionRules="@xml/data_extraction_rules"
25-->src\main\AndroidManifest.xml:12:9-65
26        android:debuggable="true"
27        android:extractNativeLibs="false"
28        android:fullBackupContent="@xml/backup_rules"
28-->src\main\AndroidManifest.xml:13:9-54
29        android:icon="@mipmap/logo"
29-->src\main\AndroidManifest.xml:14:9-36
30        android:label="@string/app_name"
30-->src\main\AndroidManifest.xml:15:9-41
31        android:roundIcon="@mipmap/logo"
31-->src\main\AndroidManifest.xml:16:9-41
32        android:supportsRtl="true"
32-->src\main\AndroidManifest.xml:17:9-35
33        android:testOnly="true"
34        android:theme="@style/Theme.DO_AN_CS3" >
34-->src\main\AndroidManifest.xml:18:9-47
35        <activity
35-->src\main\AndroidManifest.xml:20:9-22:40
36            android:name="com.example.do_an_cs3.Task.AddTaskActivity"
36-->src\main\AndroidManifest.xml:21:13-49
37            android:exported="false" />
37-->src\main\AndroidManifest.xml:22:13-37
38        <activity
38-->src\main\AndroidManifest.xml:23:9-25:40
39            android:name="com.example.do_an_cs3.Task.EditTaskActivity"
39-->src\main\AndroidManifest.xml:24:13-50
40            android:exported="false" />
40-->src\main\AndroidManifest.xml:25:13-37
41        <activity
41-->src\main\AndroidManifest.xml:26:9-28:40
42            android:name="com.example.do_an_cs3.View.Users.AddProfileActivity"
42-->src\main\AndroidManifest.xml:27:13-58
43            android:exported="false" />
43-->src\main\AndroidManifest.xml:28:13-37
44        <activity
44-->src\main\AndroidManifest.xml:29:9-31:40
45            android:name="com.example.do_an_cs3.View.Project.DetailProjectActivity"
45-->src\main\AndroidManifest.xml:30:13-63
46            android:exported="false" />
46-->src\main\AndroidManifest.xml:31:13-37
47        <activity
47-->src\main\AndroidManifest.xml:32:9-34:40
48            android:name="com.example.do_an_cs3.View.Users.ChooseRoleActivity"
48-->src\main\AndroidManifest.xml:33:13-58
49            android:exported="false" />
49-->src\main\AndroidManifest.xml:34:13-37
50        <activity
50-->src\main\AndroidManifest.xml:35:9-47:20
51            android:name="com.example.do_an_cs3.View.splash"
51-->src\main\AndroidManifest.xml:36:13-40
52            android:exported="true" >
52-->src\main\AndroidManifest.xml:37:13-36
53            <intent-filter>
53-->src\main\AndroidManifest.xml:38:13-42:29
54                <action android:name="android.intent.action.MAIN" />
54-->src\main\AndroidManifest.xml:39:17-69
54-->src\main\AndroidManifest.xml:39:25-66
55
56                <category android:name="android.intent.category.LAUNCHER" />
56-->src\main\AndroidManifest.xml:41:17-77
56-->src\main\AndroidManifest.xml:41:27-74
57            </intent-filter>
58
59            <meta-data
59-->src\main\AndroidManifest.xml:44:13-46:36
60                android:name="android.app.Activity"
60-->src\main\AndroidManifest.xml:45:17-52
61                android:value="" />
61-->src\main\AndroidManifest.xml:46:17-33
62        </activity>
63        <activity
63-->src\main\AndroidManifest.xml:48:9-54:20
64            android:name="com.example.do_an_cs3.View.MainActivity"
64-->src\main\AndroidManifest.xml:49:13-46
65            android:exported="false" >
65-->src\main\AndroidManifest.xml:50:13-37
66            <meta-data
66-->src\main\AndroidManifest.xml:44:13-46:36
67                android:name="android.app.Activity"
67-->src\main\AndroidManifest.xml:45:17-52
68                android:value="" />
68-->src\main\AndroidManifest.xml:46:17-33
69        </activity>
70        <activity
70-->src\main\AndroidManifest.xml:55:9-59:54
71            android:name="com.example.do_an_cs3.View.Project.ProjectActivity"
71-->src\main\AndroidManifest.xml:56:13-57
72            android:exported="false"
72-->src\main\AndroidManifest.xml:57:13-37
73            android:label="@string/title_activity_job"
73-->src\main\AndroidManifest.xml:58:13-55
74            android:theme="@style/Theme.DO_AN_CS3" />
74-->src\main\AndroidManifest.xml:59:13-51
75        <activity
75-->src\main\AndroidManifest.xml:60:9-64:54
76            android:name="com.example.do_an_cs3.View.Project.AddProjectActivity"
76-->src\main\AndroidManifest.xml:61:13-60
77            android:exported="false"
77-->src\main\AndroidManifest.xml:62:13-37
78            android:label="@string/Addjob"
78-->src\main\AndroidManifest.xml:63:13-43
79            android:theme="@style/Theme.DO_AN_CS3" />
79-->src\main\AndroidManifest.xml:64:13-51
80        <activity
80-->src\main\AndroidManifest.xml:65:9-69:54
81            android:name="com.example.do_an_cs3.View.Users.PersonnalActivity"
81-->src\main\AndroidManifest.xml:66:13-57
82            android:exported="false"
82-->src\main\AndroidManifest.xml:67:13-37
83            android:label="@string/personnal"
83-->src\main\AndroidManifest.xml:68:13-46
84            android:theme="@style/Theme.DO_AN_CS3" />
84-->src\main\AndroidManifest.xml:69:13-51
85        <activity
85-->src\main\AndroidManifest.xml:70:9-74:54
86            android:name="com.example.do_an_cs3.View.SettingActivity"
86-->src\main\AndroidManifest.xml:71:13-49
87            android:exported="false"
87-->src\main\AndroidManifest.xml:72:13-37
88            android:label="@string/setting"
88-->src\main\AndroidManifest.xml:73:13-44
89            android:theme="@style/Theme.DO_AN_CS3" />
89-->src\main\AndroidManifest.xml:74:13-51
90        <activity
90-->src\main\AndroidManifest.xml:75:9-79:54
91            android:name="com.example.do_an_cs3.View.WarningActivity"
91-->src\main\AndroidManifest.xml:76:13-49
92            android:exported="false"
92-->src\main\AndroidManifest.xml:77:13-37
93            android:label="@string/warning"
93-->src\main\AndroidManifest.xml:78:13-44
94            android:theme="@style/Theme.DO_AN_CS3" />
94-->src\main\AndroidManifest.xml:79:13-51
95        <activity
95-->src\main\AndroidManifest.xml:80:9-84:54
96            android:name="com.example.do_an_cs3.View.Users.EditAccountActivity"
96-->src\main\AndroidManifest.xml:81:13-59
97            android:exported="false"
97-->src\main\AndroidManifest.xml:82:13-37
98            android:label="@string/editAccount"
98-->src\main\AndroidManifest.xml:83:13-48
99            android:theme="@style/Theme.DO_AN_CS3" />
99-->src\main\AndroidManifest.xml:84:13-51
100        <activity
100-->src\main\AndroidManifest.xml:85:9-89:54
101            android:name="com.example.do_an_cs3.View.Users.ChangePassActivity"
101-->src\main\AndroidManifest.xml:86:13-58
102            android:exported="false"
102-->src\main\AndroidManifest.xml:87:13-37
103            android:label="@string/changepass"
103-->src\main\AndroidManifest.xml:88:13-47
104            android:theme="@style/Theme.DO_AN_CS3" />
104-->src\main\AndroidManifest.xml:89:13-51
105        <activity
105-->src\main\AndroidManifest.xml:90:9-94:54
106            android:name="com.example.do_an_cs3.View.ReportActivity"
106-->src\main\AndroidManifest.xml:91:13-48
107            android:exported="false"
107-->src\main\AndroidManifest.xml:92:13-37
108            android:label="@string/report"
108-->src\main\AndroidManifest.xml:93:13-43
109            android:theme="@style/Theme.DO_AN_CS3" />
109-->src\main\AndroidManifest.xml:94:13-51
110        <activity
110-->src\main\AndroidManifest.xml:95:9-99:54
111            android:name="com.example.do_an_cs3.View.Users.AddPersonnalActivity"
111-->src\main\AndroidManifest.xml:96:13-60
112            android:exported="false"
112-->src\main\AndroidManifest.xml:97:13-37
113            android:label="AddPersonnalActivity"
113-->src\main\AndroidManifest.xml:98:13-49
114            android:theme="@style/Theme.DO_AN_CS3" />
114-->src\main\AndroidManifest.xml:99:13-51
115        <activity
115-->src\main\AndroidManifest.xml:100:9-104:54
116            android:name="com.example.do_an_cs3.View.Departments.AddDeparmentsActivity"
116-->src\main\AndroidManifest.xml:101:13-67
117            android:exported="false"
117-->src\main\AndroidManifest.xml:102:13-37
118            android:label="AddDeparmentsActivity"
118-->src\main\AndroidManifest.xml:103:13-50
119            android:theme="@style/Theme.DO_AN_CS3" />
119-->src\main\AndroidManifest.xml:104:13-51
120        <activity
120-->src\main\AndroidManifest.xml:105:9-109:54
121            android:name="com.example.do_an_cs3.View.Users.LoginActivity"
121-->src\main\AndroidManifest.xml:106:13-53
122            android:exported="false"
122-->src\main\AndroidManifest.xml:107:13-37
123            android:label="LoginActivity"
123-->src\main\AndroidManifest.xml:108:13-42
124            android:theme="@style/Theme.DO_AN_CS3" />
124-->src\main\AndroidManifest.xml:109:13-51
125        <activity
125-->src\main\AndroidManifest.xml:110:9-114:54
126            android:name="com.example.do_an_cs3.View.Users.RegisterActivity"
126-->src\main\AndroidManifest.xml:111:13-56
127            android:exported="false"
127-->src\main\AndroidManifest.xml:112:13-37
128            android:label="@string/personnal"
128-->src\main\AndroidManifest.xml:113:13-46
129            android:theme="@style/Theme.DO_AN_CS3" />
129-->src\main\AndroidManifest.xml:114:13-51
130
131        <provider
131-->[androidx.emoji2:emoji2:1.2.0] AndroidManifest.xml:24:9-32:20
132            android:name="androidx.startup.InitializationProvider"
132-->[androidx.emoji2:emoji2:1.2.0] AndroidManifest.xml:25:13-67
133            android:authorities="com.example.do_an_cs3.androidx-startup"
133-->[androidx.emoji2:emoji2:1.2.0] AndroidManifest.xml:26:13-68
134            android:exported="false" >
134-->[androidx.emoji2:emoji2:1.2.0] AndroidManifest.xml:27:13-37
135            <meta-data
135-->[androidx.emoji2:emoji2:1.2.0] AndroidManifest.xml:29:13-31:52
136                android:name="androidx.emoji2.text.EmojiCompatInitializer"
136-->[androidx.emoji2:emoji2:1.2.0] AndroidManifest.xml:30:17-75
137                android:value="androidx.startup" />
137-->[androidx.emoji2:emoji2:1.2.0] AndroidManifest.xml:31:17-49
138            <meta-data
138-->[androidx.lifecycle:lifecycle-process:2.6.2] AndroidManifest.xml:29:13-31:52
139                android:name="androidx.lifecycle.ProcessLifecycleInitializer"
139-->[androidx.lifecycle:lifecycle-process:2.6.2] AndroidManifest.xml:30:17-78
140                android:value="androidx.startup" />
140-->[androidx.lifecycle:lifecycle-process:2.6.2] AndroidManifest.xml:31:17-49
141            <meta-data
141-->[androidx.profileinstaller:profileinstaller:1.3.0] AndroidManifest.xml:29:13-31:52
142                android:name="androidx.profileinstaller.ProfileInstallerInitializer"
142-->[androidx.profileinstaller:profileinstaller:1.3.0] AndroidManifest.xml:30:17-85
143                android:value="androidx.startup" />
143-->[androidx.profileinstaller:profileinstaller:1.3.0] AndroidManifest.xml:31:17-49
144        </provider>
145
146        <uses-library
146-->[androidx.window:window:1.0.0] AndroidManifest.xml:25:9-27:40
147            android:name="androidx.window.extensions"
147-->[androidx.window:window:1.0.0] AndroidManifest.xml:26:13-54
148            android:required="false" />
148-->[androidx.window:window:1.0.0] AndroidManifest.xml:27:13-37
149        <uses-library
149-->[androidx.window:window:1.0.0] AndroidManifest.xml:28:9-30:40
150            android:name="androidx.window.sidecar"
150-->[androidx.window:window:1.0.0] AndroidManifest.xml:29:13-51
151            android:required="false" />
151-->[androidx.window:window:1.0.0] AndroidManifest.xml:30:13-37
152
153        <receiver
153-->[androidx.profileinstaller:profileinstaller:1.3.0] AndroidManifest.xml:34:9-52:20
154            android:name="androidx.profileinstaller.ProfileInstallReceiver"
154-->[androidx.profileinstaller:profileinstaller:1.3.0] AndroidManifest.xml:35:13-76
155            android:directBootAware="false"
155-->[androidx.profileinstaller:profileinstaller:1.3.0] AndroidManifest.xml:36:13-44
156            android:enabled="true"
156-->[androidx.profileinstaller:profileinstaller:1.3.0] AndroidManifest.xml:37:13-35
157            android:exported="true"
157-->[androidx.profileinstaller:profileinstaller:1.3.0] AndroidManifest.xml:38:13-36
158            android:permission="android.permission.DUMP" >
158-->[androidx.profileinstaller:profileinstaller:1.3.0] AndroidManifest.xml:39:13-57
159            <intent-filter>
159-->[androidx.profileinstaller:profileinstaller:1.3.0] AndroidManifest.xml:40:13-42:29
160                <action android:name="androidx.profileinstaller.action.INSTALL_PROFILE" />
160-->[androidx.profileinstaller:profileinstaller:1.3.0] AndroidManifest.xml:41:17-91
160-->[androidx.profileinstaller:profileinstaller:1.3.0] AndroidManifest.xml:41:25-88
161            </intent-filter>
162            <intent-filter>
162-->[androidx.profileinstaller:profileinstaller:1.3.0] AndroidManifest.xml:43:13-45:29
163                <action android:name="androidx.profileinstaller.action.SKIP_FILE" />
163-->[androidx.profileinstaller:profileinstaller:1.3.0] AndroidManifest.xml:44:17-85
163-->[androidx.profileinstaller:profileinstaller:1.3.0] AndroidManifest.xml:44:25-82
164            </intent-filter>
165            <intent-filter>
165-->[androidx.profileinstaller:profileinstaller:1.3.0] AndroidManifest.xml:46:13-48:29
166                <action android:name="androidx.profileinstaller.action.SAVE_PROFILE" />
166-->[androidx.profileinstaller:profileinstaller:1.3.0] AndroidManifest.xml:47:17-88
166-->[androidx.profileinstaller:profileinstaller:1.3.0] AndroidManifest.xml:47:25-85
167            </intent-filter>
168            <intent-filter>
168-->[androidx.profileinstaller:profileinstaller:1.3.0] AndroidManifest.xml:49:13-51:29
169                <action android:name="androidx.profileinstaller.action.BENCHMARK_OPERATION" />
169-->[androidx.profileinstaller:profileinstaller:1.3.0] AndroidManifest.xml:50:17-95
169-->[androidx.profileinstaller:profileinstaller:1.3.0] AndroidManifest.xml:50:25-92
170            </intent-filter>
171        </receiver>
172    </application>
173
174</manifest>